<?xml version="1.0" encoding="UTF-8"?>
<!-- Generated by org.testng.reporters.JUnitReportReporter -->
<testsuite hostname="AKM_Laptop" failures="0" tests="21" name="runner_files.Runner_TestNG" time="100.230" errors="1" timestamp="2024-02-10T12:21:23 EST" skipped="0">
  <testcase classname="runner_files.Runner_TestNG" name="runScenario" time="3.411"/>
  <testcase classname="runner_files.Runner_TestNG" name="runScenario" time="4.336"/>
  <testcase classname="runner_files.Runner_TestNG" name="runScenario" time="3.826"/>
  <testcase classname="runner_files.Runner_TestNG" name="runScenario" time="4.688"/>
  <testcase classname="runner_files.Runner_TestNG" name="runScenario" time="4.597"/>
  <testcase classname="runner_files.Runner_TestNG" name="runScenario" time="4.070"/>
  <testcase classname="runner_files.Runner_TestNG" name="runScenario" time="4.921"/>
  <testcase classname="runner_files.Runner_TestNG" name="runScenario" time="4.986"/>
  <testcase classname="runner_files.Runner_TestNG" name="runScenario" time="4.701"/>
  <testcase classname="runner_files.Runner_TestNG" name="runScenario" time="4.259"/>
  <testcase classname="runner_files.Runner_TestNG" name="runScenario" time="4.727"/>
  <testcase classname="runner_files.Runner_TestNG" name="runScenario" time="13.022">
    <error message="no such element: Unable to locate element: {&quot;method&quot;:&quot;xpath&quot;,&quot;selector&quot;:&quot;//p[text() = &#039;There is no product that matches the search criteria.&#039;]&quot;}
  (Session info: chrome=120.0.6099.217)
For documentation on this error, please visit: https://www.selenium.dev/documentation/webdriver/troubleshooting/errors#no-such-element-exception
Build info: version: &#039;4.15.0&#039;, revision: &#039;1d14b5521b&#039;
System info: os.name: &#039;Windows 11&#039;, os.arch: &#039;amd64&#039;, os.version: &#039;10.0&#039;, java.version: &#039;17.0.7&#039;
Driver info: org.openqa.selenium.chrome.ChromeDriver
Command: [e1bc2130ca9ae2663bc473a4d7006130, findElement {using=xpath, value=//p[text() = &#039;There is no product that matches the search criteria.&#039;]}]
Capabilities {acceptInsecureCerts: false, browserName: chrome, browserVersion: 120.0.6099.217, chrome: {chromedriverVersion: 120.0.6099.109 (3419140ab66..., userDataDir: C:\Users\misfo\AppData\Loca...}, fedcm:accounts: true, goog:chromeOptions: {debuggerAddress: localhost:57430}, networkConnectionEnabled: false, pageLoadStrategy: eager, platformName: windows, proxy: Proxy(), se:cdp: ws://localhost:57430/devtoo..., se:cdpVersion: 120.0.6099.217, setWindowRect: true, strictFileInteractability: false, timeouts: {implicit: 0, pageLoad: 300000, script: 30000}, unhandledPromptBehavior: dismiss and notify, webauthn:extension:credBlob: true, webauthn:extension:largeBlob: true, webauthn:extension:minPinLength: true, webauthn:extension:prf: true, webauthn:virtualAuthenticators: true}
Session ID: e1bc2130ca9ae2663bc473a4d7006130" type="org.openqa.selenium.NoSuchElementException">
      <![CDATA[org.openqa.selenium.NoSuchElementException: no such element: Unable to locate element: {"method":"xpath","selector":"//p[text() = 'There is no product that matches the search criteria.']"}
  (Session info: chrome=120.0.6099.217)
For documentation on this error, please visit: https://www.selenium.dev/documentation/webdriver/troubleshooting/errors#no-such-element-exception
Build info: version: '4.15.0', revision: '1d14b5521b'
System info: os.name: 'Windows 11', os.arch: 'amd64', os.version: '10.0', java.version: '17.0.7'
Driver info: org.openqa.selenium.chrome.ChromeDriver
Command: [e1bc2130ca9ae2663bc473a4d7006130, findElement {using=xpath, value=//p[text() = 'There is no product that matches the search criteria.']}]
Capabilities {acceptInsecureCerts: false, browserName: chrome, browserVersion: 120.0.6099.217, chrome: {chromedriverVersion: 120.0.6099.109 (3419140ab66..., userDataDir: C:\Users\misfo\AppData\Loca...}, fedcm:accounts: true, goog:chromeOptions: {debuggerAddress: localhost:57430}, networkConnectionEnabled: false, pageLoadStrategy: eager, platformName: windows, proxy: Proxy(), se:cdp: ws://localhost:57430/devtoo..., se:cdpVersion: 120.0.6099.217, setWindowRect: true, strictFileInteractability: false, timeouts: {implicit: 0, pageLoad: 300000, script: 30000}, unhandledPromptBehavior: dismiss and notify, webauthn:extension:credBlob: true, webauthn:extension:largeBlob: true, webauthn:extension:minPinLength: true, webauthn:extension:prf: true, webauthn:virtualAuthenticators: true}
Session ID: e1bc2130ca9ae2663bc473a4d7006130
at java.base/jdk.internal.reflect.NativeConstructorAccessorImpl.newInstance0(Native Method)
at java.base/jdk.internal.reflect.NativeConstructorAccessorImpl.newInstance(NativeConstructorAccessorImpl.java:77)
at java.base/jdk.internal.reflect.DelegatingConstructorAccessorImpl.newInstance(DelegatingConstructorAccessorImpl.java:45)
at java.base/java.lang.reflect.Constructor.newInstanceWithCaller(Constructor.java:499)
at java.base/java.lang.reflect.Constructor.newInstance(Constructor.java:480)
at org.openqa.selenium.remote.codec.w3c.W3CHttpResponseCodec.createException(W3CHttpResponseCodec.java:200)
at org.openqa.selenium.remote.codec.w3c.W3CHttpResponseCodec.decode(W3CHttpResponseCodec.java:133)
at org.openqa.selenium.remote.codec.w3c.W3CHttpResponseCodec.decode(W3CHttpResponseCodec.java:52)
at org.openqa.selenium.remote.HttpCommandExecutor.execute(HttpCommandExecutor.java:191)
at org.openqa.selenium.remote.service.DriverCommandExecutor.invokeExecute(DriverCommandExecutor.java:200)
at org.openqa.selenium.remote.service.DriverCommandExecutor.execute(DriverCommandExecutor.java:175)
at org.openqa.selenium.remote.RemoteWebDriver.execute(RemoteWebDriver.java:607)
at org.openqa.selenium.remote.ElementLocation$ElementFinder$2.findElement(ElementLocation.java:165)
at org.openqa.selenium.remote.ElementLocation.findElement(ElementLocation.java:59)
at org.openqa.selenium.remote.RemoteWebDriver.findElement(RemoteWebDriver.java:364)
at org.openqa.selenium.remote.RemoteWebDriver.findElement(RemoteWebDriver.java:358)
at org.openqa.selenium.support.pagefactory.DefaultElementLocator.findElement(DefaultElementLocator.java:68)
at org.openqa.selenium.support.pagefactory.internal.LocatingElementHandler.invoke(LocatingElementHandler.java:38)
at jdk.proxy2/jdk.proxy2.$Proxy26.isDisplayed(Unknown Source)
at com.bdd.learning.Pages.SearchPage.verifyDisplayStatusOfInValidProduct(SearchPage.java:34)
at step_definitions.SearchProduct.user_enters_the_invalid_product(SearchProduct.java:69)
at âœ½.User enters the invalid product 'DELL'(file:///C:/Users/misfo/eclipse-workspace/BDD_CUCUMBER/src/test/resources/feature_files/SearchProduct.feature:18)
]]>
    </error>
  </testcase> <!-- runScenario -->
  <testcase classname="runner_files.Runner_TestNG" name="runScenario" time="4.072"/>
  <testcase classname="runner_files.Runner_TestNG" name="runScenario" time="3.813"/>
  <testcase classname="runner_files.Runner_TestNG" name="runScenario" time="3.924"/>
  <testcase classname="runner_files.Runner_TestNG" name="runScenario" time="4.661"/>
  <testcase classname="runner_files.Runner_TestNG" name="runScenario" time="4.251"/>
  <testcase classname="runner_files.Runner_TestNG" name="runScenario" time="4.228"/>
  <testcase classname="runner_files.Runner_TestNG" name="runScenario" time="4.710"/>
  <testcase classname="runner_files.Runner_TestNG" name="runScenario" time="4.802"/>
  <testcase classname="runner_files.Runner_TestNG" name="runScenario" time="4.225"/>
</testsuite> <!-- runner_files.Runner_TestNG -->
